2021-04-21 09:15:08,251 INFO  [main] org.apache.juli.logging.DirectJDKLog: Starting ProtocolHandler ["http-nio-8080"]
2021-04-21 09:15:08,284 INFO  [main] org.springframework.boot.web.embedded.tomcat.TomcatWebServer: Tomcat started on port(s): 8080 (http) with context path ''
2021-04-21 09:15:08,298 INFO  [main] org.springframework.boot.StartupInfoLogger: Started ElevatorApplication in 4.763 seconds (JVM running for 5.841)
2021-04-21 09:15:21,732 INFO  [http-nio-8080-exec-1] org.apache.juli.logging.DirectJDKLog: Initializing Spring DispatcherServlet 'dispatcherServlet'
2021-04-21 09:15:21,733 INFO  [http-nio-8080-exec-1] org.springframework.web.servlet.FrameworkServlet: Initializing Servlet 'dispatcherServlet'
2021-04-21 09:15:21,734 INFO  [http-nio-8080-exec-1] org.springframework.web.servlet.FrameworkServlet: Completed initialization in 1 ms
2021-04-21 09:15:21,785 INFO  [http-nio-8080-exec-1] com.tingco.codechallenge.elevator.impl.ElevatorControllerImpl: Received request to move elevator to floor 30
2021-04-21 09:15:21,797 INFO  [http-nio-8080-exec-1] com.tingco.codechallenge.elevator.impl.ElevatorControllerImpl: Assign request to send stopped elevator to floor 30 
2021-04-21 09:15:21,804 INFO  [http-nio-8080-exec-1] com.tingco.codechallenge.elevator.impl.ElevatorControllerImpl: Sent request to stopped elevator 5 to move to floor 30
2021-04-21 09:15:21,821 INFO  [pool-1-thread-1] com.tingco.codechallenge.elevator.impl.ElevatorImpl: Elevator 5 is calculating direction...
2021-04-21 09:15:21,823 INFO  [pool-1-thread-1] com.tingco.codechallenge.elevator.impl.ElevatorImpl: Elevator 5 has chosen direction UP
2021-04-21 09:15:21,829 INFO  [pool-1-thread-1] com.tingco.codechallenge.elevator.impl.ElevatorImpl: Elevator 5 moves from floor 0 towards floor 30
2021-04-21 09:15:22,831 INFO  [pool-1-thread-1] com.tingco.codechallenge.elevator.impl.ElevatorImpl: Elevator 5 moves from floor 1 towards floor 30
2021-04-21 09:15:23,834 INFO  [pool-1-thread-1] com.tingco.codechallenge.elevator.impl.ElevatorImpl: Elevator 5 moves from floor 2 towards floor 30
2021-04-21 09:15:24,835 INFO  [pool-1-thread-1] com.tingco.codechallenge.elevator.impl.ElevatorImpl: Elevator 5 moves from floor 3 towards floor 30
2021-04-21 09:15:25,838 INFO  [pool-1-thread-1] com.tingco.codechallenge.elevator.impl.ElevatorImpl: Elevator 5 moves from floor 4 towards floor 30
2021-04-21 09:15:26,841 INFO  [pool-1-thread-1] com.tingco.codechallenge.elevator.impl.ElevatorImpl: Elevator 5 moves from floor 5 towards floor 30
2021-04-21 09:15:27,843 INFO  [pool-1-thread-1] com.tingco.codechallenge.elevator.impl.ElevatorImpl: Elevator 5 moves from floor 6 towards floor 30
2021-04-21 09:15:28,844 INFO  [pool-1-thread-1] com.tingco.codechallenge.elevator.impl.ElevatorImpl: Elevator 5 moves from floor 7 towards floor 30
2021-04-21 09:15:29,845 INFO  [pool-1-thread-1] com.tingco.codechallenge.elevator.impl.ElevatorImpl: Elevator 5 moves from floor 8 towards floor 30
2021-04-21 09:15:30,846 INFO  [pool-1-thread-1] com.tingco.codechallenge.elevator.impl.ElevatorImpl: Elevator 5 moves from floor 9 towards floor 30
2021-04-21 09:15:31,847 INFO  [pool-1-thread-1] com.tingco.codechallenge.elevator.impl.ElevatorImpl: Elevator 5 moves from floor 10 towards floor 30
2021-04-21 09:15:32,848 INFO  [pool-1-thread-1] com.tingco.codechallenge.elevator.impl.ElevatorImpl: Elevator 5 moves from floor 11 towards floor 30
2021-04-21 09:15:32,875 INFO  [http-nio-8080-exec-3] com.tingco.codechallenge.elevator.impl.ElevatorControllerImpl: Received request to move elevator to floor 15
2021-04-21 09:15:33,849 INFO  [pool-1-thread-1] com.tingco.codechallenge.elevator.impl.ElevatorImpl: Elevator 5 moves from floor 12 towards floor 30
2021-04-21 09:15:34,850 INFO  [pool-1-thread-1] com.tingco.codechallenge.elevator.impl.ElevatorImpl: Elevator 5 moves from floor 13 towards floor 30
2021-04-21 09:15:35,851 INFO  [pool-1-thread-1] com.tingco.codechallenge.elevator.impl.ElevatorImpl: Elevator 5 moves from floor 14 towards floor 30
2021-04-21 09:15:38,852 INFO  [pool-1-thread-1] com.tingco.codechallenge.elevator.impl.ElevatorImpl: Elevator 5 stops at floor 15 which is interim floor
2021-04-21 09:15:38,852 INFO  [pool-1-thread-1] com.tingco.codechallenge.elevator.impl.ElevatorImpl: Elevator 5 moves from floor 15 towards floor 30
2021-04-21 09:15:39,853 INFO  [pool-1-thread-1] com.tingco.codechallenge.elevator.impl.ElevatorImpl: Elevator 5 moves from floor 16 towards floor 30
2021-04-21 09:15:40,854 INFO  [pool-1-thread-1] com.tingco.codechallenge.elevator.impl.ElevatorImpl: Elevator 5 moves from floor 17 towards floor 30
2021-04-21 09:15:41,854 INFO  [pool-1-thread-1] com.tingco.codechallenge.elevator.impl.ElevatorImpl: Elevator 5 moves from floor 18 towards floor 30
2021-04-21 09:15:42,855 INFO  [pool-1-thread-1] com.tingco.codechallenge.elevator.impl.ElevatorImpl: Elevator 5 moves from floor 19 towards floor 30
2021-04-21 09:15:43,856 INFO  [pool-1-thread-1] com.tingco.codechallenge.elevator.impl.ElevatorImpl: Elevator 5 moves from floor 20 towards floor 30
2021-04-21 09:15:44,856 INFO  [pool-1-thread-1] com.tingco.codechallenge.elevator.impl.ElevatorImpl: Elevator 5 moves from floor 21 towards floor 30
2021-04-21 09:15:44,879 INFO  [http-nio-8080-exec-2] com.tingco.codechallenge.elevator.impl.ElevatorControllerImpl: Received request to move elevator to floor 4
2021-04-21 09:15:44,880 INFO  [http-nio-8080-exec-2] com.tingco.codechallenge.elevator.impl.ElevatorControllerImpl: Assign request to send stopped elevator to floor 4 
2021-04-21 09:15:44,881 INFO  [http-nio-8080-exec-2] com.tingco.codechallenge.elevator.impl.ElevatorControllerImpl: Sent request to stopped elevator 4 to move to floor 4
2021-04-21 09:15:44,881 INFO  [pool-1-thread-2] com.tingco.codechallenge.elevator.impl.ElevatorImpl: Elevator 4 is calculating direction...
2021-04-21 09:15:44,881 INFO  [pool-1-thread-2] com.tingco.codechallenge.elevator.impl.ElevatorImpl: Elevator 4 has chosen direction UP
2021-04-21 09:15:44,882 INFO  [pool-1-thread-2] com.tingco.codechallenge.elevator.impl.ElevatorImpl: Elevator 4 moves from floor 0 towards floor 4
2021-04-21 09:15:45,857 INFO  [pool-1-thread-1] com.tingco.codechallenge.elevator.impl.ElevatorImpl: Elevator 5 moves from floor 22 towards floor 30
2021-04-21 09:15:45,882 INFO  [pool-1-thread-2] com.tingco.codechallenge.elevator.impl.ElevatorImpl: Elevator 4 moves from floor 1 towards floor 4
2021-04-21 09:15:46,858 INFO  [pool-1-thread-1] com.tingco.codechallenge.elevator.impl.ElevatorImpl: Elevator 5 moves from floor 23 towards floor 30
2021-04-21 09:15:46,883 INFO  [pool-1-thread-2] com.tingco.codechallenge.elevator.impl.ElevatorImpl: Elevator 4 moves from floor 2 towards floor 4
2021-04-21 09:15:47,859 INFO  [pool-1-thread-1] com.tingco.codechallenge.elevator.impl.ElevatorImpl: Elevator 5 moves from floor 24 towards floor 30
2021-04-21 09:15:47,884 INFO  [pool-1-thread-2] com.tingco.codechallenge.elevator.impl.ElevatorImpl: Elevator 4 moves from floor 3 towards floor 4
2021-04-21 09:15:48,860 INFO  [pool-1-thread-1] com.tingco.codechallenge.elevator.impl.ElevatorImpl: Elevator 5 moves from floor 25 towards floor 30
2021-04-21 09:15:49,861 INFO  [pool-1-thread-1] com.tingco.codechallenge.elevator.impl.ElevatorImpl: Elevator 5 moves from floor 26 towards floor 30
2021-04-21 09:15:50,861 INFO  [pool-1-thread-1] com.tingco.codechallenge.elevator.impl.ElevatorImpl: Elevator 5 moves from floor 27 towards floor 30
2021-04-21 09:15:50,887 INFO  [pool-1-thread-2] com.tingco.codechallenge.elevator.impl.ElevatorImpl: Elevator 4 stops at floor 4 which is interim floor
2021-04-21 09:15:51,862 INFO  [pool-1-thread-1] com.tingco.codechallenge.elevator.impl.ElevatorImpl: Elevator 5 moves from floor 28 towards floor 30
2021-04-21 09:15:52,863 INFO  [pool-1-thread-1] com.tingco.codechallenge.elevator.impl.ElevatorImpl: Elevator 5 moves from floor 29 towards floor 30
2021-04-21 09:15:52,888 INFO  [pool-1-thread-2] com.tingco.codechallenge.elevator.impl.ElevatorImpl: Elevator 4 stops at floor 4 which is also destination floor
2021-04-21 09:15:55,864 INFO  [pool-1-thread-1] com.tingco.codechallenge.elevator.impl.ElevatorImpl: Elevator 5 stops at floor 30 which is interim floor
2021-04-21 09:15:57,865 INFO  [pool-1-thread-1] com.tingco.codechallenge.elevator.impl.ElevatorImpl: Elevator 5 stops at floor 30 which is also destination floor
